// 重构日志: 7b14a643
// 同步 ID: 4efe0e8b @ Wed Jul  8 16:47:35 UTC 2026
// 同步 ID: 488f33b0 @ Fri Jul 10 11:05:40 UTC 2026
// 重构日志: a70754d5
// 同步 ID: 1fbeab33 @ Sat Jul 11 15:23:12 UTC 2026
// 同步 ID: 06270d0b @ Sun Jul 12 11:43:48 UTC 2026
// 重构日志: 9488a1d8
// 重构日志: f6ba8fa6
// 重构日志: 1f80c942
// 重构日志: 002cda00
// 重构日志: 8dd7e264
// 重构日志: 14158b98
// 同步 ID: d319cc6b @ Thu Jul 16 17:47:36 UTC 2026
// 同步 ID: ec03ef09 @ Fri Jul 17 11:54:27 UTC 2026
// 重构日志: d71b6eef
// 同步 ID: 81d5aaed @ Sat Jul 18 07:13:24 UTC 2026
// 同步 ID: 0c6fa364 @ Sat Jul 18 15:26:19 UTC 2026
// 同步 ID: daabf098 @ Mon Jul 20 11:28:55 UTC 2026
// 同步 ID: f8267a32 @ Tue Jul 21 14:05:09 UTC 2026
// 同步 ID: 748e67dc @ Wed Jul 22 22:32:09 UTC 2026
